{"/home/salt/Microverse/Microverse Course/Module 2/to-do-list/src/modules/add-remove.js": {"path":"/home/salt/Microverse/Microverse Course/Module 2/to-do-list/src/modules/add-remove.js","statementMap":{"0":{"start":{"line":3,"column":13},"end":{"line":3,"column":60}},"1":{"start":{"line":5,"column":18},"end":{"line":7,"column":1}},"2":{"start":{"line":6,"column":2},"end":{"line":6,"column":57}},"3":{"start":{"line":11,"column":11},"end":{"line":15,"column":3}},"4":{"start":{"line":18,"column":23},"end":{"line":30,"column":1}},"5":{"start":{"line":25,"column":2},"end":{"line":25,"column":26}},"6":{"start":{"line":26,"column":2},"end":{"line":26,"column":25}},"7":{"start":{"line":27,"column":2},"end":{"line":27,"column":30}},"8":{"start":{"line":28,"column":2},"end":{"line":28,"column":18}},"9":{"start":{"line":29,"column":2},"end":{"line":29,"column":18}},"10":{"start":{"line":34,"column":26},"end":{"line":40,"column":1}},"11":{"start":{"line":35,"column":2},"end":{"line":35,"column":24}},"12":{"start":{"line":36,"column":2},"end":{"line":38,"column":3}},"13":{"start":{"line":36,"column":15},"end":{"line":36,"column":20}},"14":{"start":{"line":37,"column":4},"end":{"line":37,"column":26}},"15":{"start":{"line":39,"column":2},"end":{"line":39,"column":21}}},"fnMap":{"0":{"name":"(anonymous_0)","decl":{"start":{"line":5,"column":18},"end":{"line":5,"column":19}},"loc":{"start":{"line":5,"column":31},"end":{"line":7,"column":1}},"line":5},"1":{"name":"(anonymous_1)","decl":{"start":{"line":18,"column":23},"end":{"line":18,"column":24}},"loc":{"start":{"line":18,"column":33},"end":{"line":30,"column":1}},"line":18},"2":{"name":"(anonymous_2)","decl":{"start":{"line":34,"column":26},"end":{"line":34,"column":27}},"loc":{"start":{"line":34,"column":46},"end":{"line":40,"column":1}},"line":34}},"branchMap":{"0":{"loc":{"start":{"line":3,"column":13},"end":{"line":3,"column":60}},"type":"binary-expr","locations":[{"start":{"line":3,"column":13},"end":{"line":3,"column":54}},{"start":{"line":3,"column":58},"end":{"line":3,"column":60}}],"line":3}},"s":{"0":1,"1":1,"2":6,"3":1,"4":1,"5":5,"6":5,"7":5,"8":5,"9":5,"10":1,"11":1,"12":1,"13":1,"14":4,"15":1},"f":{"0":6,"1":5,"2":1},"b":{"0":[1,1]},"_coverageSchema":"1a1c01bbd47fc00a2c39e90264f33305004495a9","hash":"6c3730ff6bddeb1e9f5dbf0ebae619a61da56358"}
}
