{"/home/salt/Microverse/Microverse Course/Module 2/to-do-list/src/modules/add-remove.js": {"path":"/home/salt/Microverse/Microverse Course/Module 2/to-do-list/src/modules/add-remove.js","statementMap":{"0":{"start":{"line":3,"column":13},"end":{"line":3,"column":60}},"1":{"start":{"line":5,"column":18},"end":{"line":7,"column":1}},"2":{"start":{"line":6,"column":2},"end":{"line":6,"column":57}},"3":{"start":{"line":18,"column":23},"end":{"line":31,"column":1}},"4":{"start":{"line":19,"column":15},"end":{"line":23,"column":3}},"5":{"start":{"line":24,"column":2},"end":{"line":24,"column":18}},"6":{"start":{"line":25,"column":2},"end":{"line":25,"column":18}},"7":{"start":{"line":35,"column":26},"end":{"line":41,"column":1}},"8":{"start":{"line":36,"column":2},"end":{"line":36,"column":24}},"9":{"start":{"line":37,"column":2},"end":{"line":39,"column":3}},"10":{"start":{"line":37,"column":15},"end":{"line":37,"column":20}},"11":{"start":{"line":38,"column":4},"end":{"line":38,"column":26}},"12":{"start":{"line":40,"column":2},"end":{"line":40,"column":21}}},"fnMap":{"0":{"name":"(anonymous_0)","decl":{"start":{"line":5,"column":18},"end":{"line":5,"column":19}},"loc":{"start":{"line":5,"column":31},"end":{"line":7,"column":1}},"line":5},"1":{"name":"(anonymous_1)","decl":{"start":{"line":18,"column":23},"end":{"line":18,"column":24}},"loc":{"start":{"line":18,"column":33},"end":{"line":31,"column":1}},"line":18},"2":{"name":"(anonymous_2)","decl":{"start":{"line":35,"column":26},"end":{"line":35,"column":27}},"loc":{"start":{"line":35,"column":46},"end":{"line":41,"column":1}},"line":35}},"branchMap":{"0":{"loc":{"start":{"line":3,"column":13},"end":{"line":3,"column":60}},"type":"binary-expr","locations":[{"start":{"line":3,"column":13},"end":{"line":3,"column":54}},{"start":{"line":3,"column":58},"end":{"line":3,"column":60}}],"line":3}},"s":{"0":1,"1":1,"2":4,"3":1,"4":3,"5":3,"6":3,"7":1,"8":1,"9":1,"10":1,"11":2,"12":1},"f":{"0":4,"1":3,"2":1},"b":{"0":[1,1]},"_coverageSchema":"1a1c01bbd47fc00a2c39e90264f33305004495a9","hash":"3c6ec1be088737bd7d82056258141fc6187e2af8"}
}
