TN:
SF:src/modules/add-remove.js
FN:5,(anonymous_0)
FN:11,(anonymous_1)
FN:23,(anonymous_2)
FN:31,(anonymous_3)
FN:36,clearTasks
FN:37,(anonymous_5)
FN:38,(anonymous_6)
FNF:7
FNH:7
FNDA:6,(anonymous_0)
FNDA:3,(anonymous_1)
FNDA:1,(anonymous_2)
FNDA:1,(anonymous_3)
FNDA:1,clearTasks
FNDA:2,(anonymous_5)
FNDA:2,(anonymous_6)
DA:3,1
DA:5,1
DA:6,6
DA:11,1
DA:12,3
DA:17,3
DA:18,3
DA:23,1
DA:24,1
DA:25,1
DA:26,2
DA:28,1
DA:31,1
DA:32,1
DA:33,1
DA:37,2
DA:38,1
DA:39,2
DA:41,1
DA:42,1
LF:20
LH:20
BRDA:3,0,0,1
BRDA:3,0,1,1
BRF:2
BRH:2
end_of_record
